2017-12-13 17:23:39.853  INFO 14696 --- [main] com.winsoft.api.ApiApplication           : Starting ApiApplication on winkendeMacBook-Pro.local with PID 14696 (/Users/winken168/WinkenProjects/OpenSource/github/JAVA/winsoft/winsoft-api/target/classes started by winken168 in /Users/winken168/WinkenProjects/OpenSource/github/JAVA/winsoft/winsoft-parent)
2017-12-13 17:23:39.856  INFO 14696 --- [main] com.winsoft.api.ApiApplication           : No active profile set, falling back to default profiles: default
2017-12-13 17:23:39.937  INFO 14696 --- [main] ationConfigEmbeddedWebApplicationContext : Refreshing org.springframework.boot.context.embedded.AnnotationConfigEmbeddedWebApplicationContext@6e4784bc: startup date [Wed Dec 13 17:23:39 CST 2017]; root of context hierarchy
2017-12-13 17:23:40.723  WARN 14696 --- [main] o.m.s.mapper.ClassPathMapperScanner      : No MyBatis mapper was found in '[com.stylefeng.guns.rest.*.dao, com.stylefeng.guns.rest.common.persistence.dao]' package. Please check your configuration.
2017-12-13 17:23:40.888  WARN 14696 --- [main] o.m.s.mapper.ClassPathMapperScanner      : No MyBatis mapper was found in '[com.winsoft.api]' package. Please check your configuration.
2017-12-13 17:23:41.539  INFO 14696 --- [main] s.b.c.e.t.TomcatEmbeddedServletContainer : Tomcat initialized with port(s): 80 (http)
2017-12-13 17:23:41.550  INFO 14696 --- [main] o.apache.catalina.core.StandardService   : Starting service Tomcat
2017-12-13 17:23:41.552  INFO 14696 --- [main] org.apache.catalina.core.StandardEngine  : Starting Servlet Engine: Apache Tomcat/8.5.14
2017-12-13 17:23:41.619  INFO 14696 --- [localhost-startStop-1] o.a.c.c.C.[Tomcat].[localhost].[/]       : Initializing Spring embedded WebApplicationContext
2017-12-13 17:23:41.620  INFO 14696 --- [localhost-startStop-1] o.s.web.context.ContextLoader            : Root WebApplicationContext: initialization completed in 1688 ms
2017-12-13 17:23:41.787  INFO 14696 --- [localhost-startStop-1] o.s.b.w.servlet.ServletRegistrationBean  : Mapping servlet: 'dispatcherServlet' to [/]
2017-12-13 17:23:41.791  INFO 14696 --- [localhost-startStop-1] o.s.b.w.servlet.FilterRegistrationBean   : Mapping filter: 'characterEncodingFilter' to: [/*]
2017-12-13 17:23:41.791  INFO 14696 --- [localhost-startStop-1] o.s.b.w.servlet.FilterRegistrationBean   : Mapping filter: 'hiddenHttpMethodFilter' to: [/*]
2017-12-13 17:23:41.791  INFO 14696 --- [localhost-startStop-1] o.s.b.w.servlet.FilterRegistrationBean   : Mapping filter: 'httpPutFormContentFilter' to: [/*]
2017-12-13 17:23:41.792  INFO 14696 --- [localhost-startStop-1] o.s.b.w.servlet.FilterRegistrationBean   : Mapping filter: 'requestContextFilter' to: [/*]
2017-12-13 17:23:41.792  INFO 14696 --- [localhost-startStop-1] o.s.b.w.servlet.FilterRegistrationBean   : Mapping filter: 'jwtAuthenticationTokenFilter' to: [/*]
2017-12-13 17:23:41.843  WARN 14696 --- [main] ationConfigEmbeddedWebApplicationContext : Exception encountered during context initialization - cancelling refresh attempt: org.springframework.beans.factory.UnsatisfiedDependencyException: Error creating bean with name 'dbValidator': Unsatisfied dependency expressed through field 'userMapper'; nested exception is org.springframework.beans.factory.NoSuchBeanDefinitionException: No qualifying bean of type 'com.winsoft.api.modular.users.dao.UserMapper' available: expected at least 1 bean which qualifies as autowire candidate. Dependency annotations: {@org.springframework.beans.factory.annotation.Autowired(required=true)}
2017-12-13 17:23:41.844  INFO 14696 --- [main] o.apache.catalina.core.StandardService   : Stopping service Tomcat
2017-12-13 17:23:41.860  WARN 14696 --- [localhost-startStop-1] o.a.c.loader.WebappClassLoaderBase       : The web application [ROOT] appears to have started a thread named [Abandoned connection cleanup thread] but has failed to stop it. This is very likely to create a memory leak. Stack trace of thread:
 java.lang.Object.wait(Native Method)
 java.lang.ref.ReferenceQueue.remove(ReferenceQueue.java:143)
 com.mysql.jdbc.AbandonedConnectionCleanupThread.run(AbandonedConnectionCleanupThread.java:43)
2017-12-13 17:23:41.867  INFO 14696 --- [main] utoConfigurationReportLoggingInitializer : 

Error starting ApplicationContext. To display the auto-configuration report re-run your application with 'debug' enabled.
2017-12-13 17:23:41.938 ERROR 14696 --- [main] o.s.b.d.LoggingFailureAnalysisReporter   : 

***************************
APPLICATION FAILED TO START
***************************

Description:

Field userMapper in com.winsoft.api.modular.auth.validator.impl.DbValidator required a bean of type 'com.winsoft.api.modular.users.dao.UserMapper' that could not be found.


Action:

Consider defining a bean of type 'com.winsoft.api.modular.users.dao.UserMapper' in your configuration.

